<?xml version="1.0" encoding="UTF-8"?>
<!-- Generated by org.testng.reporters.JUnitReportReporter -->
<testsuite hostname="DESKTOP-AU847K4" failures="0" tests="5" name="tests.LoginTest" time="0.418" errors="0" timestamp="2025-02-17T18:17:13 IST" skipped="0">
  <testcase classname="tests.LoginTest" name="loginwithValidCredientials" time="0.084"/>
  <system-out/>
  <testcase classname="tests.LoginTest" name="loginwithInvalidUser" time="0.083"/>
  <system-out/>
  <testcase classname="tests.LoginTest" name="loginwithInvalidpassword" time="0.084"/>
  <system-out/>
  <testcase classname="tests.LoginTest" name="loginwithInValidCredientials" time="0.084"/>
  <system-out/>
  <testcase classname="tests.LoginTest" name="loginwithEmptyFields" time="0.083"/>
  <system-out/>
</testsuite> <!-- tests.LoginTest -->
