<?xml version="1.0" encoding="UTF-8"?>
<!-- Generated by org.testng.reporters.JUnitReportReporter -->
<testsuite hostname="DESKTOP-AU847K4" failures="0" tests="2" name="testNGpack.TestNG_002" time="58.154" errors="0" timestamp="2025-02-15T18:27:58 IST" skipped="0">
  <testcase classname="testNGpack.TestNG_002" name="amazon" time="28.729"/>
  <system-out/>
  <testcase classname="testNGpack.TestNG_002" name="amazon" time="29.425"/>
  <system-out/>
</testsuite> <!-- testNGpack.TestNG_002 -->
