<?xml version="1.0" encoding="UTF-8"?>
<!-- Generated by org.testng.reporters.JUnitReportReporter -->
<testsuite hostname="DESKTOP-AU847K4" failures="0" tests="2" name="testNGpack.RadioButton1" time="25.907" errors="0" timestamp="2025-02-15T18:27:58 IST" skipped="0">
  <testcase classname="testNGpack.RadioButton1" name="radioButtonTest" time="8.571"/>
  <system-out/>
  <testcase classname="testNGpack.RadioButton1" name="radioButtonTest" time="17.336"/>
  <system-out/>
</testsuite> <!-- testNGpack.RadioButton1 -->
