<?xml version="1.0" encoding="UTF-8"?>
<!-- Generated by org.testng.reporters.JUnitReportReporter -->
<testsuite hostname="DESKTOP-AU847K4" failures="0" tests="1" name="suiteA.TestA2" time="2.003" errors="0" timestamp="2025-02-17T18:43:42 IST" skipped="0">
  <testcase classname="suiteA.TestA2" name="testA2" time="2.003"/>
  <system-out/>
</testsuite> <!-- suiteA.TestA2 -->
