<?xml version="1.0" encoding="UTF-8"?>
<!-- Generated by org.testng.reporters.JUnitReportReporter -->
<testsuite hostname="DESKTOP-AU847K4" failures="0" tests="2" name="testNGpack.CheckBox1" time="25.402" errors="0" timestamp="2025-02-15T18:27:58 IST" skipped="0">
  <testcase classname="testNGpack.CheckBox1" name="checkboxTest" time="16.381"/>
  <system-out/>
  <testcase classname="testNGpack.CheckBox1" name="checkboxTest" time="9.021"/>
  <system-out/>
</testsuite> <!-- testNGpack.CheckBox1 -->
