<?xml version="1.0" encoding="UTF-8"?>
<!-- Generated by org.testng.reporters.JUnitReportReporter -->
<testsuite hostname="DESKTOP-AU847K4" failures="0" tests="3" name="tests.SearchTest1" time="0.036" errors="0" timestamp="2025-02-17T18:05:42 IST" skipped="0">
  <testcase classname="tests.SearchTest1" name="searchWithValidProduct" time="0.003"/>
  <system-out/>
  <testcase classname="tests.SearchTest1" name="searchWithInValidProduct" time="0.020"/>
  <system-out/>
  <testcase classname="tests.SearchTest1" name="searchWithEmptyProduct" time="0.013"/>
  <system-out/>
</testsuite> <!-- tests.SearchTest1 -->
