<?xml version="1.0" encoding="UTF-8"?>
<!-- Generated by org.testng.reporters.JUnitReportReporter -->
<testsuite hostname="DESKTOP-AU847K4" failures="0" tests="2" name="testNGpack.TestNG_003" time="48.735" errors="0" timestamp="2025-02-19T18:15:33 IST" skipped="0">
  <testcase classname="testNGpack.TestNG_003" name="amazon" time="26.861"/>
  <system-out/>
  <testcase classname="testNGpack.TestNG_003" name="amazon" time="21.874"/>
  <system-out/>
</testsuite> <!-- testNGpack.TestNG_003 -->
