<?xml version="1.0" encoding="UTF-8"?>
<!-- Generated by org.testng.reporters.JUnitReportReporter -->
<testsuite hostname="DESKTOP-AU847K4" failures="0" tests="2" name="exceloperations.DataManagementwithHashTable" time="0.023" errors="0" timestamp="2025-02-26T18:09:32 IST" skipped="0">
  <testcase classname="exceloperations.DataManagementwithHashTable" name="f" time="0.006"/>
  <system-out/>
  <testcase classname="exceloperations.DataManagementwithHashTable" name="f" time="0.017"/>
  <system-out/>
</testsuite> <!-- exceloperations.DataManagementwithHashTable -->
