<?xml version="1.0" encoding="UTF-8"?>
<!-- Generated by org.testng.reporters.JUnitReportReporter -->
<testsuite hostname="DESKTOP-AU847K4" failures="0" tests="1" name="tests.SearchTest" time="0.002" errors="0" timestamp="2025-02-18T18:13:48 IST" skipped="0">
  <testcase classname="tests.SearchTest" name="searchWithValidProduct" time="0.002"/>
  <system-out/>
</testsuite> <!-- tests.SearchTest -->
