<?xml version="1.0" encoding="UTF-8"?>
<!-- Generated by org.testng.reporters.JUnitReportReporter -->
<testsuite hostname="DESKTOP-AU847K4" failures="0" tests="1" name="suiteB.TestB1" time="2.009" errors="0" timestamp="2025-02-17T18:43:42 IST" skipped="0">
  <testcase classname="suiteB.TestB1" name="testB1" time="2.009"/>
  <system-out/>
</testsuite> <!-- suiteB.TestB1 -->
