<?xml version="1.0" encoding="UTF-8"?>
<!-- Generated by org.testng.reporters.JUnitReportReporter -->
<testsuite hostname="DESKTOP-AU847K4" failures="0" tests="2" name="testNGpack.TestNGDataDependencyBetweenTests" time="0.080" errors="0" timestamp="2025-02-19T18:27:19 IST" skipped="0">
  <testcase classname="testNGpack.TestNGDataDependencyBetweenTests" name="test1" time="0.069"/>
  <system-out/>
  <testcase classname="testNGpack.TestNGDataDependencyBetweenTests" name="test2" time="0.011"/>
  <system-out/>
</testsuite> <!-- testNGpack.TestNGDataDependencyBetweenTests -->
