<?xml version="1.0" encoding="UTF-8"?>
<!-- Generated by org.testng.reporters.JUnitReportReporter -->
<testsuite hostname="DESKTOP-AU847K4" failures="0" tests="2" name="exceloperations.DataManagementFinalTest" time="0.022" errors="0" timestamp="2025-02-26T18:18:12 IST" skipped="0">
  <testcase classname="exceloperations.DataManagementFinalTest" name="f" time="0.016"/>
  <system-out/>
  <testcase classname="exceloperations.DataManagementFinalTest" name="f" time="0.006"/>
  <system-out/>
</testsuite> <!-- exceloperations.DataManagementFinalTest -->
