<?xml version="1.0" encoding="UTF-8"?>
<!-- Generated by org.testng.reporters.JUnitReportReporter -->
<testsuite hostname="DESKTOP-AU847K4" failures="0" tests="3" name="dataproviderpack.UserTest" time="0.020" errors="0" timestamp="2025-02-25T18:23:40 IST" skipped="0">
  <testcase classname="dataproviderpack.UserTest" name="f" time="0.004"/>
  <system-out/>
  <testcase classname="dataproviderpack.UserTest" name="f" time="0.003"/>
  <system-out/>
  <testcase classname="dataproviderpack.UserTest" name="f" time="0.013"/>
  <system-out/>
</testsuite> <!-- dataproviderpack.UserTest -->
