<?xml version="1.0" encoding="UTF-8"?>
<!-- Generated by org.testng.reporters.JUnitReportReporter -->
<testsuite hostname="DESKTOP-AU847K4" failures="0" tests="3" name="testNGpack.TestNG_001" time="0.025" errors="0" timestamp="2025-02-14T18:35:44 IST" skipped="1">
  <testcase classname="testNGpack.TestNG_001" name="f" time="0.018"/>
  <system-out/>
  <testcase classname="testNGpack.TestNG_001" name="a" time="0.007"/>
  <system-out/>
  <testcase classname="testNGpack.TestNG_001" name="z">
    <skipped/>
  </testcase> <!-- z -->
  <system-out/>
</testsuite> <!-- testNGpack.TestNG_001 -->
