<?xml version="1.0" encoding="UTF-8"?>
<!-- Generated by org.testng.reporters.JUnitReportReporter -->
<testsuite hostname="DESKTOP-AU847K4" failures="0" tests="2" name="tests.RegisterTest" time="0.015" errors="0" timestamp="2025-02-18T18:13:48 IST" skipped="0">
  <testcase classname="tests.RegisterTest" name="registerWithMandatoryFileds" time="0.005"/>
  <system-out/>
  <testcase classname="tests.RegisterTest" name="registerWithAllFileds" time="0.010"/>
  <system-out/>
</testsuite> <!-- tests.RegisterTest -->
