<?xml version="1.0" encoding="UTF-8"?>
<!-- Generated by org.testng.reporters.JUnitReportReporter -->
<testsuite hostname="DESKTOP-AU847K4" failures="0" tests="4" name="testNGpack.TestNGMethodDependencies" time="0.037" errors="0" timestamp="2025-02-18T17:46:42 IST" skipped="2">
  <testcase classname="testNGpack.TestNGMethodDependencies" name="orange" time="0.027"/>
  <system-out/>
  <testcase classname="testNGpack.TestNGMethodDependencies" name="white" time="0.004"/>
  <system-out/>
  <testcase classname="testNGpack.TestNGMethodDependencies" name="blue" time="0.006">
    <skipped/>
  </testcase> <!-- blue -->
  <system-out/>
  <testcase classname="testNGpack.TestNGMethodDependencies" name="green" time="0.000">
    <skipped/>
  </testcase> <!-- green -->
  <system-out/>
</testsuite> <!-- testNGpack.TestNGMethodDependencies -->
