<?xml version="1.0" encoding="UTF-8"?>
<!-- Generated by org.testng.reporters.JUnitReportReporter -->
<testsuite hostname="DESKTOP-AU847K4" failures="0" tests="5" name="tests.LoginTest" time="0.080" errors="0" timestamp="2025-02-20T18:31:59 IST" skipped="0">
  <testcase classname="tests.LoginTest" name="loginwithValidCredientials" time="0.047"/>
  <system-out/>
  <testcase classname="tests.LoginTest" name="loginwithInvalidUser" time="0.004"/>
  <system-out/>
  <testcase classname="tests.LoginTest" name="loginwithInvalidpassword" time="0.011"/>
  <system-out/>
  <testcase classname="tests.LoginTest" name="loginwithInValidCredientials" time="0.009"/>
  <system-out/>
  <testcase classname="tests.LoginTest" name="loginwithEmptyFields" time="0.009"/>
  <system-out/>
</testsuite> <!-- tests.LoginTest -->
