<?xml version="1.0" encoding="UTF-8"?>
<!-- Generated by org.testng.reporters.JUnitReportReporter -->
<testsuite hostname="DESKTOP-AU847K4" failures="0" tests="1" name="testNGpack.NewTest" time="0.005" errors="0" timestamp="2025-02-15T17:57:04 IST" skipped="0">
  <testcase classname="testNGpack.NewTest" name="f" time="0.005"/>
  <system-out/>
</testsuite> <!-- testNGpack.NewTest -->
