<?xml version="1.0" encoding="UTF-8"?>
<!-- Generated by org.testng.reporters.JUnitReportReporter -->
<testsuite hostname="DESKTOP-AU847K4" failures="0" tests="2" name="testNGpack.LinksTesting1" time="27.987" errors="0" timestamp="2025-02-15T18:27:58 IST" skipped="0">
  <testcase classname="testNGpack.LinksTesting1" name="linktesting1" time="9.662"/>
  <system-out>
Clicked on Image Link  </system-out>
  <testcase classname="testNGpack.LinksTesting1" name="linktesting1" time="18.325"/>
  <system-out>
Clicked on Image Link  </system-out>
</testsuite> <!-- testNGpack.LinksTesting1 -->
