<?xml version="1.0" encoding="UTF-8"?>
<!-- Generated by org.testng.reporters.JUnitReportReporter -->
<testsuite hostname="DESKTOP-AU847K4" failures="0" tests="5" name="testNGpack.InvocationCountTest" time="25.280" errors="0" timestamp="2025-02-19T18:10:15 IST" skipped="0">
  <testcase classname="testNGpack.InvocationCountTest" name="invocationCount" time="5.040"/>
  <system-out/>
  <testcase classname="testNGpack.InvocationCountTest" name="invocationCount" time="5.045"/>
  <system-out/>
  <testcase classname="testNGpack.InvocationCountTest" name="invocationCount" time="5.082"/>
  <system-out/>
  <testcase classname="testNGpack.InvocationCountTest" name="invocationCount" time="5.072"/>
  <system-out/>
  <testcase classname="testNGpack.InvocationCountTest" name="invocationCount" time="5.041"/>
  <system-out/>
</testsuite> <!-- testNGpack.InvocationCountTest -->
