<?xml version="1.0" encoding="UTF-8"?>
<!-- Generated by org.testng.reporters.JUnitReportReporter -->
<testsuite hostname="DESKTOP-AU847K4" failures="0" tests="3" name="tests.SearchTest" time="0.253" errors="0" timestamp="2025-02-17T18:17:13 IST" skipped="0">
  <testcase classname="tests.SearchTest" name="searchWithValidProduct" time="0.084"/>
  <system-out/>
  <testcase classname="tests.SearchTest" name="searchWithInValidProduct" time="0.084"/>
  <system-out/>
  <testcase classname="tests.SearchTest" name="searchWithEmptyProduct" time="0.085"/>
  <system-out/>
</testsuite> <!-- tests.SearchTest -->
