<?xml version="1.0" encoding="UTF-8"?>
<!-- Generated by org.testng.reporters.JUnitReportReporter -->
<testsuite hostname="DESKTOP-AU847K4" failures="0" tests="3" name="dataproviderpack.DataProviderTest" time="0.032" errors="0" timestamp="2025-02-25T18:18:26 IST" skipped="0">
  <testcase classname="dataproviderpack.DataProviderTest" name="f" time="0.005"/>
  <system-out/>
  <testcase classname="dataproviderpack.DataProviderTest" name="f" time="0.007"/>
  <system-out/>
  <testcase classname="dataproviderpack.DataProviderTest" name="f" time="0.020"/>
  <system-out/>
</testsuite> <!-- dataproviderpack.DataProviderTest -->
