<?xml version="1.0" encoding="UTF-8"?>
<!-- Generated by org.testng.reporters.JUnitReportReporter -->
<testsuite hostname="DESKTOP-AU847K4" failures="0" tests="4" name="tests.RegisterTest" time="0.341" errors="0" timestamp="2025-02-17T18:17:13 IST" skipped="0">
  <testcase classname="tests.RegisterTest" name="registerWithMandatoryFileds" time="0.084"/>
  <system-out/>
  <testcase classname="tests.RegisterTest" name="registerWithAllFileds" time="0.086"/>
  <system-out/>
  <testcase classname="tests.RegisterTest" name="registerWithDuplicateFileds" time="0.087"/>
  <system-out/>
  <testcase classname="tests.RegisterTest" name="registerWithEmptyFileds" time="0.084"/>
  <system-out/>
</testsuite> <!-- tests.RegisterTest -->
